Build started 11.11.2015 11:35:37.
     1>Project "E:\Irina\2015\nov2015\ML.2015\Курсовая\bdd\bdd.vcxproj" on node 2 (Build target(s)).
     1>ClCompile:
         C:\Program Files (x86)\Microsoft Visual Studio 11.0\VC\bin\CL.exe /c /ZI /nologo /W3 /WX- /Od /Oy- /D WIN32 /D _DEBUG /D _LIB /D _UNICODE /D UNICODE /Gm /EHsc /RTC1 /MDd /GS /fp:precise /Zc:wchar_t /Zc:forScope /Fo"Debug\\" /Fd"Debug\vc110.pdb" /Gd /TC /analyze- /errorReport:prompt bddio.c bddop.c bvec.c cache.c fdd.c imatrix.c kernel.c pairs.c prime.c reorder.c tree.c
         tree.c
         reorder.c
     1>e:\irina\2015\nov2015\ml.2015\курсовая\bdd\reorder.c(1629): warning C4550: expression evaluates to a function which is missing an argument list
         prime.c
         pairs.c
         kernel.c
     1>e:\irina\2015\nov2015\ml.2015\курсовая\bdd\kernel.c(1187): warning C4018: '>' : signed/unsigned mismatch
     1>e:\irina\2015\nov2015\ml.2015\курсовая\bdd\kernel.c(1246): warning C4018: '>' : signed/unsigned mismatch
         imatrix.c
         fdd.c
         cache.c
         bvec.c
         bddop.c
     1>e:\irina\2015\nov2015\ml.2015\курсовая\bdd\bddop.c(945): warning C4018: '>' : signed/unsigned mismatch
     1>e:\irina\2015\nov2015\ml.2015\курсовая\bdd\bddop.c(1156): warning C4018: '>' : signed/unsigned mismatch
     1>e:\irina\2015\nov2015\ml.2015\курсовая\bdd\bddop.c(1189): warning C4018: '<' : signed/unsigned mismatch
     1>e:\irina\2015\nov2015\ml.2015\курсовая\bdd\bddop.c(1280): warning C4018: '>' : signed/unsigned mismatch
     1>e:\irina\2015\nov2015\ml.2015\курсовая\bdd\bddop.c(1295): warning C4018: '<' : signed/unsigned mismatch
     1>e:\irina\2015\nov2015\ml.2015\курсовая\bdd\bddop.c(1393): warning C4018: '>' : signed/unsigned mismatch
     1>e:\irina\2015\nov2015\ml.2015\курсовая\bdd\bddop.c(1696): warning C4018: '>' : signed/unsigned mismatch
     1>e:\irina\2015\nov2015\ml.2015\курсовая\bdd\bddop.c(1979): warning C4018: '>' : signed/unsigned mismatch
     1>e:\irina\2015\nov2015\ml.2015\курсовая\bdd\bddop.c(2131): warning C4018: '>' : signed/unsigned mismatch
     1>e:\irina\2015\nov2015\ml.2015\курсовая\bdd\bddop.c(2325): warning C4018: '>' : signed/unsigned mismatch
     1>e:\irina\2015\nov2015\ml.2015\курсовая\bdd\bddop.c(2337): warning C4018: '>' : signed/unsigned mismatch
     1>e:\irina\2015\nov2015\ml.2015\курсовая\bdd\bddop.c(2422): warning C4018: '>' : signed/unsigned mismatch
     1>e:\irina\2015\nov2015\ml.2015\курсовая\bdd\bddop.c(2436): warning C4018: '>' : signed/unsigned mismatch
         bddio.c
     1>e:\irina\2015\nov2015\ml.2015\курсовая\bdd\bddio.c(320): warning C4996: 'fopen': This function or variable may be unsafe. Consider using fopen_s instead. To disable deprecation, use _CRT_SECURE_NO_WARNINGS. See online help for details.
                 c:\program files (x86)\microsoft visual studio 11.0\vc\include\stdio.h(218) : see declaration of 'fopen'
     1>e:\irina\2015\nov2015\ml.2015\курсовая\bdd\bddio.c(386): warning C4996: 'fopen': This function or variable may be unsafe. Consider using fopen_s instead. To disable deprecation, use _CRT_SECURE_NO_WARNINGS. See online help for details.
                 c:\program files (x86)\microsoft visual studio 11.0\vc\include\stdio.h(218) : see declaration of 'fopen'
     1>e:\irina\2015\nov2015\ml.2015\курсовая\bdd\bddio.c(480): warning C4996: 'fopen': This function or variable may be unsafe. Consider using fopen_s instead. To disable deprecation, use _CRT_SECURE_NO_WARNINGS. See online help for details.
                 c:\program files (x86)\microsoft visual studio 11.0\vc\include\stdio.h(218) : see declaration of 'fopen'
     1>e:\irina\2015\nov2015\ml.2015\курсовая\bdd\bddio.c(493): warning C4996: 'fscanf': This function or variable may be unsafe. Consider using fscanf_s instead. To disable deprecation, use _CRT_SECURE_NO_WARNINGS. See online help for details.
                 c:\program files (x86)\microsoft visual studio 11.0\vc\include\stdio.h(237) : see declaration of 'fscanf'
     1>e:\irina\2015\nov2015\ml.2015\курсовая\bdd\bddio.c(499): warning C4996: 'fscanf': This function or variable may be unsafe. Consider using fscanf_s instead. To disable deprecation, use _CRT_SECURE_NO_WARNINGS. See online help for details.
                 c:\program files (x86)\microsoft visual studio 11.0\vc\include\stdio.h(237) : see declaration of 'fscanf'
     1>e:\irina\2015\nov2015\ml.2015\курсовая\bdd\bddio.c(506): warning C4996: 'fscanf': This function or variable may be unsafe. Consider using fscanf_s instead. To disable deprecation, use _CRT_SECURE_NO_WARNINGS. See online help for details.
                 c:\program files (x86)\microsoft visual studio 11.0\vc\include\stdio.h(237) : see declaration of 'fscanf'
     1>e:\irina\2015\nov2015\ml.2015\курсовая\bdd\bddio.c(546): warning C4996: 'fscanf': This function or variable may be unsafe. Consider using fscanf_s instead. To disable deprecation, use _CRT_SECURE_NO_WARNINGS. See online help for details.
                 c:\program files (x86)\microsoft visual studio 11.0\vc\include\stdio.h(237) : see declaration of 'fscanf'
         Generating Code...
         C:\Program Files (x86)\Microsoft Visual Studio 11.0\VC\bin\CL.exe /c /ZI /nologo /W3 /WX- /Od /Oy- /D WIN32 /D _DEBUG /D _LIB /D _UNICODE /D UNICODE /Gm /EHsc /RTC1 /MDd /GS /fp:precise /Zc:wchar_t /Zc:forScope /Fo"Debug\\" /Fd"Debug\vc110.pdb" /Gd /TP /analyze- /errorReport:prompt bddtest.cxx cppext.cxx
         cppext.cxx
         bddtest.cxx
         Generating Code...
       Lib:
         C:\Program Files (x86)\Microsoft Visual Studio 11.0\VC\bin\Lib.exe /OUT:"E:\Irina\2015\nov2015\ML.2015\Курсовая\bdd\Debug\bdd.lib" /NOLOGO Debug\bddio.obj
         Debug\bddop.obj
         Debug\bddtest.obj
         Debug\bvec.obj
         Debug\cache.obj
         Debug\cppext.obj
         Debug\fdd.obj
         Debug\imatrix.obj
         Debug\kernel.obj
         Debug\pairs.obj
         Debug\prime.obj
         Debug\reorder.obj
         Debug\tree.obj
         bdd.vcxproj -> E:\Irina\2015\nov2015\ML.2015\Курсовая\bdd\Debug\bdd.lib
     1>Done Building Project "E:\Irina\2015\nov2015\ML.2015\Курсовая\bdd\bdd.vcxproj" (Build target(s)).

Build succeeded.

Time Elapsed 00:00:06.76
